<?xml version="1.0" encoding="UTF-8"?>
<testsuite name="ch.haeuslers.bookr.control.PersonServicSpec" tests="1" skipped="0" failures="0" errors="0" timestamp="2015-04-09T16:21:54" hostname="PD-WG000617" time="0.512">
  <properties/>
  <testcase name="persist and get" classname="ch.haeuslers.bookr.control.PersonServicSpec" time="0.512"/>
  <system-out><![CDATA[]]></system-out>
  <system-err><![CDATA[]]></system-err>
</testsuite>
